-------------------------------------------------------------------------------
Test set: CreateUser_Test
-------------------------------------------------------------------------------
Tests run: 2, Failures: 0, Errors: 2, Skipped: 0, Time elapsed: 0.19 s <<< FAILURE! - in CreateUser_Test
checkCreateUser  Time elapsed: 0.181 s  <<< ERROR!
java.lang.NoClassDefFoundError: Could not initialize class org.codehaus.groovy.reflection.ReflectionCache
	at CreateUser_Test.checkCreateUser(CreateUser_Test.java:12)

checkReceiveUser  Time elapsed: 0 s  <<< ERROR!
java.lang.NoClassDefFoundError: Could not initialize class io.restassured.RestAssured
	at CreateUser_Test.checkReceiveUser(CreateUser_Test.java:32)

